# JRE version: OpenJDK Runtime Environment (21.0.10) (build 21.0.10+-14961533-b1163.108)
# Java VM: OpenJDK 64-Bit Server VM (21.0.10+-14961533-b1163.108, mixed mode, tiered, compressed oops, compressed class ptrs, g1 gc, windows-amd64)
GC Precious Log:
 CardTable entry size: 512
 Card Set container configuration: InlinePtr #cards 4 size 8 Array Of Cards #cards 16 size 48 Howl #buckets 8 coarsen threshold 3686 Howl Bitmap #cards 512 size 80 coarsen threshold 460 Card regions per heap region 1 cards per card region 4096
 CPUs: 16 total, 16 available
 Memory: 16004M
 Large Page Support: Disabled
 NUMA Support: Disabled
 Compressed Oops: Enabled (Zero based)
 Heap Region Size: 2M
 Heap Min Capacity: 8M
 Heap Initial Capacity: 252M
 Heap Max Capacity: 4002M
 Pre-touch: Disabled
 Parallel Workers: 13
 Concurrent Workers: 3
 Concurrent Refinement Workers: 13
 Periodic GC: Disabled
Heap:
 garbage-first heap   total 92160K, used 67417K [0x0000000705e00000, 0x0000000800000000)
  region size 2048K, 11 young (22528K), 2 survivors (4096K)
 Metaspace       used 71775K, committed 72064K, reserved 1114112K
  class space    used 8173K, committed 8256K, reserved 1048576K
GC Heap History (20 events):
Event: 4.016 GC heap before
{Heap before GC invocations=3 (full 0):
 garbage-first heap   total 34816K, used 34532K [0x0000000705e00000, 0x0000000800000000)
  region size 2048K, 15 young (30720K), 3 survivors (6144K)
 Metaspace       used 30075K, committed 30272K, reserved 1114112K
  class space    used 3862K, committed 3968K, reserved 1048576K
}
Event: 4.027 GC heap after
{Heap after GC invocations=4 (full 0):
 garbage-first heap   total 43008K, used 11415K [0x0000000705e00000, 0x0000000800000000)
  region size 2048K, 4 young (8192K), 4 survivors (8192K)
 Metaspace       used 30075K, committed 30272K, reserved 1114112K
  class space    used 3862K, committed 3968K, reserved 1048576K
}
Event: 4.803 GC heap before
{Heap before GC invocations=4 (full 0):
 garbage-first heap   total 43008K, used 27799K [0x0000000705e00000, 0x0000000800000000)
  region size 2048K, 12 young (24576K), 4 survivors (8192K)
 Metaspace       used 32248K, committed 32512K, reserved 1114112K
  class space    used 4146K, committed 4288K, reserved 1048576K
}
Event: 4.820 GC heap after
{Heap after GC invocations=5 (full 0):
 garbage-first heap   total 43008K, used 14465K [0x0000000705e00000, 0x0000000800000000)
  region size 2048K, 2 young (4096K), 2 survivors (4096K)
 Metaspace       used 32248K, committed 32512K, reserved 1114112K
  class space    used 4146K, committed 4288K, reserved 1048576K
}
Event: 5.678 GC heap before
{Heap before GC invocations=5 (full 0):
 garbage-first heap   total 43008K, used 28801K [0x0000000705e00000, 0x0000000800000000)
  region size 2048K, 10 young (20480K), 2 survivors (4096K)
 Metaspace       used 35739K, committed 35968K, reserved 1114112K
  class space    used 4537K, committed 4672K, reserved 1048576K
}
Event: 5.693 GC heap after
{Heap after GC invocations=6 (full 0):
 garbage-first heap   total 43008K, used 17217K [0x0000000705e00000, 0x0000000800000000)
  region size 2048K, 2 young (4096K), 2 survivors (4096K)
 Metaspace       used 35739K, committed 35968K, reserved 1114112K
  class space    used 4537K, committed 4672K, reserved 1048576K
}
Event: 6.402 GC heap before
{Heap before GC invocations=7 (full 0):
 garbage-first heap   total 43008K, used 31553K [0x0000000705e00000, 0x0000000800000000)
  region size 2048K, 9 young (18432K), 2 survivors (4096K)
 Metaspace       used 38875K, committed 39104K, reserved 1114112K
  class space    used 4905K, committed 4992K, reserved 1048576K
}
Event: 6.411 GC heap after
{Heap after GC invocations=8 (full 0):
 garbage-first heap   total 43008K, used 18580K [0x0000000705e00000, 0x0000000800000000)
  region size 2048K, 1 young (2048K), 1 survivors (2048K)
 Metaspace       used 38875K, committed 39104K, reserved 1114112K
  class space    used 4905K, committed 4992K, reserved 1048576K
}
Event: 6.802 GC heap before
{Heap before GC invocations=8 (full 0):
 garbage-first heap   total 43008K, used 32916K [0x0000000705e00000, 0x0000000800000000)
  region size 2048K, 8 young (16384K), 1 survivors (2048K)
 Metaspace       used 40602K, committed 40896K, reserved 1114112K
  class space    used 5075K, committed 5184K, reserved 1048576K
}
Event: 6.812 GC heap after
{Heap after GC invocations=9 (full 0):
 garbage-first heap   total 43008K, used 21544K [0x0000000705e00000, 0x0000000800000000)
  region size 2048K, 1 young (2048K), 1 survivors (2048K)
 Metaspace       used 40602K, committed 40896K, reserved 1114112K
  class space    used 5075K, committed 5184K, reserved 1048576K
}
Event: 7.248 GC heap before
{Heap before GC invocations=9 (full 0):
 garbage-first heap   total 43008K, used 31784K [0x0000000705e00000, 0x0000000800000000)
  region size 2048K, 7 young (14336K), 1 survivors (2048K)
 Metaspace       used 43434K, committed 43648K, reserved 1114112K
  class space    used 5358K, committed 5440K, reserved 1048576K
}
Event: 7.256 GC heap after
{Heap after GC invocations=10 (full 0):
 garbage-first heap   total 151552K, used 22498K [0x0000000705e00000, 0x0000000800000000)
  region size 2048K, 1 young (2048K), 1 survivors (2048K)
 Metaspace       used 43434K, committed 43648K, reserved 1114112K
  class space    used 5358K, committed 5440K, reserved 1048576K
}
Event: 10.978 GC heap before
{Heap before GC invocations=11 (full 0):
 garbage-first heap   total 81920K, used 77794K [0x0000000705e00000, 0x0000000800000000)
  region size 2048K, 29 young (59392K), 1 survivors (2048K)
 Metaspace       used 57381K, committed 57664K, reserved 1114112K
  class space    used 6821K, committed 6912K, reserved 1048576K
}
Event: 11.000 GC heap after
{Heap after GC invocations=12 (full 0):
 garbage-first heap   total 88064K, used 27466K [0x0000000705e00000, 0x0000000800000000)
  region size 2048K, 3 young (6144K), 3 survivors (6144K)
 Metaspace       used 57381K, committed 57664K, reserved 1114112K
  class space    used 6821K, committed 6912K, reserved 1048576K
}
Event: 13.599 GC heap before
{Heap before GC invocations=12 (full 0):
 garbage-first heap   total 88064K, used 70474K [0x0000000705e00000, 0x0000000800000000)
  region size 2048K, 24 young (49152K), 3 survivors (6144K)
 Metaspace       used 59844K, committed 60096K, reserved 1114112K
  class space    used 7093K, committed 7168K, reserved 1048576K
}
Event: 13.644 GC heap after
{Heap after GC invocations=13 (full 0):
 garbage-first heap   total 92160K, used 40126K [0x0000000705e00000, 0x0000000800000000)
  region size 2048K, 3 young (6144K), 3 survivors (6144K)
 Metaspace       used 59844K, committed 60096K, reserved 1114112K
  class space    used 7093K, committed 7168K, reserved 1048576K
}
Event: 23.434 GC heap before
{Heap before GC invocations=13 (full 0):
 garbage-first heap   total 92160K, used 70846K [0x0000000705e00000, 0x0000000800000000)
  region size 2048K, 18 young (36864K), 3 survivors (6144K)
 Metaspace       used 62753K, committed 63040K, reserved 1114112K
  class space    used 7361K, committed 7488K, reserved 1048576K
}
Event: 23.472 GC heap after
{Heap after GC invocations=14 (full 0):
 garbage-first heap   total 92160K, used 46855K [0x0000000705e00000, 0x0000000800000000)
  region size 2048K, 3 young (6144K), 3 survivors (6144K)
 Metaspace       used 62753K, committed 63040K, reserved 1114112K
  class space    used 7361K, committed 7488K, reserved 1048576K
}
Event: 29.879 GC heap before
{Heap before GC invocations=14 (full 0):
 garbage-first heap   total 92160K, used 73479K [0x0000000705e00000, 0x0000000800000000)
  region size 2048K, 16 young (32768K), 3 survivors (6144K)
 Metaspace       used 67913K, committed 68160K, reserved 1114112K
  class space    used 7812K, committed 7936K, reserved 1048576K
}
Event: 29.904 GC heap after
{Heap after GC invocations=15 (full 0):
 garbage-first heap   total 92160K, used 51033K [0x0000000705e00000, 0x0000000800000000)
  region size 2048K, 2 young (4096K), 2 survivors (4096K)
 Metaspace       used 67913K, committed 68160K, reserved 1114112K
  class space    used 7812K, committed 7936K, reserved 1048576K
}

