# JRE version: OpenJDK Runtime Environment (21.0.10) (build 21.0.10+-14961533-b1163.108)
# Java VM: OpenJDK 64-Bit Server VM (21.0.10+-14961533-b1163.108, mixed mode, tiered, compressed oops, compressed class ptrs, g1 gc, windows-amd64)
GC Precious Log:
 CardTable entry size: 512
 Card Set container configuration: InlinePtr #cards 4 size 8 Array Of Cards #cards 16 size 48 Howl #buckets 8 coarsen threshold 3686 Howl Bitmap #cards 512 size 80 coarsen threshold 460 Card regions per heap region 1 cards per card region 4096
 CPUs: 16 total, 16 available
 Memory: 16004M
 Large Page Support: Disabled
 NUMA Support: Disabled
 Compressed Oops: Enabled (Zero based)
 Heap Region Size: 2M
 Heap Min Capacity: 8M
 Heap Initial Capacity: 252M
 Heap Max Capacity: 4G
 Pre-touch: Disabled
 Parallel Workers: 13
 Concurrent Workers: 3
 Concurrent Refinement Workers: 13
 Periodic GC: Disabled
Heap:
 garbage-first heap   total 509952K, used 336306K [0x0000000700000000, 0x0000000800000000)
  region size 2048K, 35 young (71680K), 6 survivors (12288K)
 Metaspace       used 166221K, committed 168768K, reserved 1048576K
  class space    used 22219K, committed 23424K, reserved 851968K
GC Heap History (20 events):
Event: 22.669 GC heap before
{Heap before GC invocations=54 (full 0):
 garbage-first heap   total 342016K, used 301603K [0x0000000700000000, 0x0000000800000000)
  region size 2048K, 59 young (120832K), 5 survivors (10240K)
 Metaspace       used 133665K, committed 136064K, reserved 983040K
  class space    used 18729K, committed 19904K, reserved 851968K
}
Event: 22.676 GC heap after
{Heap after GC invocations=55 (full 0):
 garbage-first heap   total 342016K, used 201982K [0x0000000700000000, 0x0000000800000000)
  region size 2048K, 6 young (12288K), 6 survivors (12288K)
 Metaspace       used 133665K, committed 136064K, reserved 983040K
  class space    used 18729K, committed 19904K, reserved 851968K
}
Event: 39.507 GC heap before
{Heap before GC invocations=55 (full 0):
 garbage-first heap   total 342016K, used 304382K [0x0000000700000000, 0x0000000800000000)
  region size 2048K, 57 young (116736K), 6 survivors (12288K)
 Metaspace       used 138860K, committed 141248K, reserved 983040K
  class space    used 19196K, committed 20352K, reserved 851968K
}
Event: 39.518 GC heap after
{Heap after GC invocations=56 (full 0):
 garbage-first heap   total 342016K, used 217752K [0x0000000700000000, 0x0000000800000000)
  region size 2048K, 8 young (16384K), 8 survivors (16384K)
 Metaspace       used 138860K, committed 141248K, reserved 983040K
  class space    used 19196K, committed 20352K, reserved 851968K
}
Event: 40.096 GC heap before
{Heap before GC invocations=57 (full 0):
 garbage-first heap   total 366592K, used 305816K [0x0000000700000000, 0x0000000800000000)
  region size 2048K, 52 young (106496K), 8 survivors (16384K)
 Metaspace       used 140934K, committed 143360K, reserved 983040K
  class space    used 19462K, committed 20608K, reserved 851968K
}
Event: 40.105 GC heap after
{Heap after GC invocations=58 (full 0):
 garbage-first heap   total 366592K, used 225771K [0x0000000700000000, 0x0000000800000000)
  region size 2048K, 5 young (10240K), 5 survivors (10240K)
 Metaspace       used 140934K, committed 143360K, reserved 983040K
  class space    used 19462K, committed 20608K, reserved 851968K
}
Event: 41.290 GC heap before
{Heap before GC invocations=58 (full 0):
 garbage-first heap   total 366592K, used 326123K [0x0000000700000000, 0x0000000800000000)
  region size 2048K, 55 young (112640K), 5 survivors (10240K)
 Metaspace       used 142770K, committed 145152K, reserved 983040K
  class space    used 19635K, committed 20800K, reserved 851968K
}
Event: 41.298 GC heap after
{Heap after GC invocations=59 (full 0):
 garbage-first heap   total 366592K, used 229275K [0x0000000700000000, 0x0000000800000000)
  region size 2048K, 6 young (12288K), 6 survivors (12288K)
 Metaspace       used 142770K, committed 145152K, reserved 983040K
  class space    used 19635K, committed 20800K, reserved 851968K
}
Event: 42.578 GC heap before
{Heap before GC invocations=59 (full 0):
 garbage-first heap   total 366592K, used 309147K [0x0000000700000000, 0x0000000800000000)
  region size 2048K, 47 young (96256K), 6 survivors (12288K)
 Metaspace       used 143395K, committed 145792K, reserved 983040K
  class space    used 19660K, committed 20800K, reserved 851968K
}
Event: 42.589 GC heap after
{Heap after GC invocations=60 (full 0):
 garbage-first heap   total 366592K, used 246341K [0x0000000700000000, 0x0000000800000000)
  region size 2048K, 8 young (16384K), 8 survivors (16384K)
 Metaspace       used 143395K, committed 145792K, reserved 983040K
  class space    used 19660K, committed 20800K, reserved 851968K
}
Event: 43.092 GC heap before
{Heap before GC invocations=61 (full 0):
 garbage-first heap   total 423936K, used 336453K [0x0000000700000000, 0x0000000800000000)
  region size 2048K, 50 young (102400K), 8 survivors (16384K)
 Metaspace       used 146982K, committed 149312K, reserved 983040K
  class space    used 19983K, committed 21120K, reserved 851968K
}
Event: 43.104 GC heap after
{Heap after GC invocations=62 (full 0):
 garbage-first heap   total 423936K, used 258012K [0x0000000700000000, 0x0000000800000000)
  region size 2048K, 6 young (12288K), 6 survivors (12288K)
 Metaspace       used 146982K, committed 149312K, reserved 983040K
  class space    used 19983K, committed 21120K, reserved 851968K
}
Event: 43.843 GC heap before
{Heap before GC invocations=62 (full 0):
 garbage-first heap   total 423936K, used 376796K [0x0000000700000000, 0x0000000800000000)
  region size 2048K, 65 young (133120K), 6 survivors (12288K)
 Metaspace       used 150517K, committed 152960K, reserved 1048576K
  class space    used 20385K, committed 21568K, reserved 851968K
}
Event: 43.850 GC heap after
{Heap after GC invocations=63 (full 0):
 garbage-first heap   total 509952K, used 251710K [0x0000000700000000, 0x0000000800000000)
  region size 2048K, 4 young (8192K), 4 survivors (8192K)
 Metaspace       used 150517K, committed 152960K, reserved 1048576K
  class space    used 20385K, committed 21568K, reserved 851968K
}
Event: 46.006 GC heap before
{Heap before GC invocations=63 (full 0):
 garbage-first heap   total 509952K, used 454462K [0x0000000700000000, 0x0000000800000000)
  region size 2048K, 100 young (204800K), 4 survivors (8192K)
 Metaspace       used 161813K, committed 164288K, reserved 1048576K
  class space    used 21804K, committed 22976K, reserved 851968K
}
Event: 46.017 GC heap after
{Heap after GC invocations=64 (full 0):
 garbage-first heap   total 509952K, used 274955K [0x0000000700000000, 0x0000000800000000)
  region size 2048K, 13 young (26624K), 13 survivors (26624K)
 Metaspace       used 161813K, committed 164288K, reserved 1048576K
  class space    used 21804K, committed 22976K, reserved 851968K
}
Event: 46.465 GC heap before
{Heap before GC invocations=64 (full 0):
 garbage-first heap   total 509952K, used 305675K [0x0000000700000000, 0x0000000800000000)
  region size 2048K, 29 young (59392K), 13 survivors (26624K)
 Metaspace       used 162334K, committed 164864K, reserved 1048576K
  class space    used 21831K, committed 23040K, reserved 851968K
}
Event: 46.473 GC heap after
{Heap after GC invocations=65 (full 0):
 garbage-first heap   total 509952K, used 266475K [0x0000000700000000, 0x0000000800000000)
  region size 2048K, 3 young (6144K), 3 survivors (6144K)
 Metaspace       used 162334K, committed 164864K, reserved 1048576K
  class space    used 21831K, committed 23040K, reserved 851968K
}
Event: 48.219 GC heap before
{Heap before GC invocations=66 (full 0):
 garbage-first heap   total 509952K, used 467179K [0x0000000700000000, 0x0000000800000000)
  region size 2048K, 99 young (202752K), 3 survivors (6144K)
 Metaspace       used 164300K, committed 166784K, reserved 1048576K
  class space    used 21999K, committed 23168K, reserved 851968K
}
Event: 48.226 GC heap after
{Heap after GC invocations=67 (full 0):
 garbage-first heap   total 509952K, used 274866K [0x0000000700000000, 0x0000000800000000)
  region size 2048K, 6 young (12288K), 6 survivors (12288K)
 Metaspace       used 164300K, committed 166784K, reserved 1048576K
  class space    used 21999K, committed 23168K, reserved 851968K
}

